4.77e+00	3.46e-01 2.76e-01 1.51e+01 9.69e-01 9.31e-01 0.00e+00 5.35e-01 5.40e-01 9.89e+00 9.90e+00 1.40e+01 1.40e+01 2.77e-01 5.84e-01
1.03e-01	5.14e-01 1.11e-01 3.54e-01 6.30e-01 6.30e-01 0.00e+00 5.41e-02 1.39e-01 2.77e-02 2.83e-02 8.70e-02 7.08e-03 4.27e-02 2.66e-01
4.91e-02	2.68e-01 7.42e-02 3.15e-01 4.85e-01 4.53e-01 0.00e+00 4.34e-02 4.25e-02 2.39e-02 2.39e-02 9.76e-02 2.33e-02 2.65e-02 1.80e-01
3.61e-02	2.85e-01 4.62e-02 3.25e-01 3.60e-01 2.75e-01 0.00e+00 2.84e-02 3.06e-02 2.13e-02 2.12e-02 5.35e-02 2.04e-02 2.14e-02 1.62e-01
2.51e-02	9.43e-02 3.76e-02 2.65e-01 2.04e-01 1.00e-01 0.00e+00 2.26e-02 2.69e-02 1.52e-02 1.53e-02 4.09e-02 1.27e-02 1.74e-02 7.73e-02
1.36e-02	1.81e-02 1.68e-02 8.23e-02 9.40e-02 4.22e-02 0.00e+00 1.52e-02 1.20e-02 1.02e-02 1.04e-02 1.29e-02 1.26e-02 6.88e-03 4.84e-02
6.23e-03	4.29e-03 4.19e-03 2.67e-03 1.88e-02 1.43e-02 0.00e+00 5.89e-03 7.43e-03 2.50e-03 2.85e-03 1.67e-03 1.18e-03 3.07e-03 2.84e-02
4.32e-03	4.63e-03 4.04e-03 1.90e-03 1.60e-02 6.47e-03 0.00e+00 2.90e-03 5.82e-03 1.84e-03 2.16e-03 8.24e-04 8.23e-04 2.73e-03 2.11e-02
3.12e-03	2.59e-03 2.68e-03 1.02e-03 1.02e-02 5.87e-03 0.00e+00 2.12e-03 4.14e-03 1.48e-03 1.88e-03 9.35e-04 9.35e-04 1.76e-03 1.54e-02
3.47e-03	2.39e-03 2.12e-03 1.81e-03 8.78e-03 4.15e-03 0.00e+00 1.67e-03 5.25e-03 1.23e-03 1.52e-03 8.66e-04 8.58e-04 1.45e-03 6.87e-03
2.48e-03	1.17e-03 1.16e-03 1.15e-03 5.46e-03 5.69e-03 0.00e+00 1.64e-03 3.37e-03 1.18e-03 1.95e-03 7.43e-04 7.42e-04 1.63e-03 8.25e-03
1.40e-02	8.38e-04 8.24e-04 8.36e-04 5.55e-03 6.15e-02 0.00e+00 1.43e-02 1.41e-02 9.71e-03 9.74e-03 7.18e-04 7.17e-04 1.72e-02 6.11e-02
2.23e-03	1.09e-03 1.15e-03 8.99e-04 7.30e-03 4.99e-03 0.00e+00 1.58e-03 3.07e-03 1.13e-03 1.33e-03 7.14e-04 7.14e-04 1.34e-03 4.70e-03
3.13e-03	1.36e-03 1.24e-03 9.05e-04 3.68e-03 4.19e-03 0.00e+00 2.02e-03 4.45e-03 1.46e-03 2.03e-03 7.33e-04 7.33e-04 1.74e-03 4.38e-03
7.10e-03	1.07e-03 1.03e-03 8.07e-04 3.86e-03 6.80e-03 0.00e+00 7.54e-03 7.62e-03 5.26e-03 5.31e-03 6.53e-04 6.52e-04 8.21e-03 9.26e-03
3.58e-03	3.21e-03 3.02e-03 7.56e-04 6.38e-03 4.13e-03 0.00e+00 2.23e-03 5.16e-03 1.53e-03 1.98e-03 5.91e-04 5.91e-04 2.02e-03 5.07e-03
2.77e-03	2.45e-03 2.65e-03 6.64e-04 5.26e-03 3.85e-03 0.00e+00 2.04e-03 3.78e-03 1.46e-03 1.66e-03 5.57e-04 5.56e-04 1.97e-03 4.25e-03
1.76e-03	1.14e-03 1.41e-03 1.16e-03 4.61e-03 3.38e-03 0.00e+00 1.31e-03 2.37e-03 9.27e-04 1.13e-03 5.20e-04 5.19e-04 1.15e-03 3.70e-03
3.16e-03	1.13e-03 1.53e-03 7.25e-03 4.60e-03 4.26e-03 0.00e+00 1.73e-03 2.23e-03 3.36e-03 7.15e-03 4.44e-03 4.44e-03 1.21e-03 8.45e-03
2.56e-03	1.18e-03 1.18e-03 2.32e-03 3.73e-03 5.22e-03 0.00e+00 1.86e-03 3.47e-03 1.42e-03 1.70e-03 8.69e-04 8.67e-04 2.18e-03 3.56e-03
2.57e-03	1.15e-03 1.21e-03 1.58e-03 5.79e-03 4.57e-03 0.00e+00 2.30e-03 3.20e-03 1.62e-03 1.64e-03 5.02e-04 5.02e-04 2.51e-03 3.95e-03
1.85e-03	1.77e-03 1.62e-03 2.18e-03 5.60e-03 2.63e-03 0.00e+00 1.05e-03 2.72e-03 7.33e-04 7.81e-04 3.21e-04 3.15e-04 1.14e-03 2.77e-03
1.97e-03	1.19e-03 1.15e-03 4.50e-04 5.36e-03 4.26e-03 0.00e+00 1.99e-03 2.39e-03 7.96e-04 8.38e-04 3.18e-04 3.18e-04 1.13e-03 3.29e-03
1.79e-03	7.19e-04 7.80e-04 1.10e-03 6.35e-03 2.58e-03 0.00e+00 1.19e-03 2.33e-03 5.55e-04 2.31e-03 2.50e-04 2.50e-04 8.44e-04 2.18e-03
2.03e-03	2.07e-03 1.89e-03 3.57e-04 6.41e-03 5.74e-03 0.00e+00 1.24e-03 2.91e-03 8.60e-04 9.45e-04 2.57e-04 2.57e-04 1.30e-03 4.57e-03
3.66e-03	1.04e-03 8.91e-04 1.53e-03 6.25e-03 7.18e-03 0.00e+00 3.66e-03 3.97e-03 2.43e-03 3.45e-03 6.51e-04 6.37e-04 4.15e-03 7.09e-03
2.31e-02	4.39e-04 4.04e-04 4.37e-04 4.06e-03 3.62e-02 0.00e+00 2.48e-02 2.43e-02 1.71e-02 1.71e-02 2.98e-04 2.98e-04 2.68e-02 3.10e-02
2.15e-03	7.66e-04 6.92e-04 3.50e-04 5.65e-03 7.37e-03 0.00e+00 1.92e-03 2.60e-03 1.33e-03 1.36e-03 2.29e-04 2.29e-04 1.95e-03 6.70e-03
1.81e-03	1.38e-03 1.39e-03 2.48e-04 5.60e-03 4.78e-03 0.00e+00 1.31e-03 2.29e-03 8.76e-04 2.06e-03 2.23e-04 2.23e-04 1.21e-03 3.75e-03
2.57e-03	1.37e-03 1.30e-03 2.71e-04 1.30e-02 9.41e-03 0.00e+00 2.49e-03 2.85e-03 1.73e-03 1.77e-03 2.09e-04 2.08e-04 3.11e-03 7.35e-03
6.99e-03	5.84e-04 5.68e-04 2.60e-04 4.06e-03 6.88e-03 0.00e+00 7.48e-03 7.43e-03 5.22e-03 5.22e-03 1.89e-04 1.88e-04 8.04e-03 8.73e-03
2.08e-03	9.97e-04 1.01e-03 8.37e-03 5.02e-03 2.82e-03 0.00e+00 9.02e-04 1.60e-03 2.10e-03 4.85e-03 2.82e-03 2.84e-03 1.00e-03 4.06e-03
2.35e-03	6.84e-04 6.34e-04 2.42e-03 3.94e-03 8.49e-03 0.00e+00 2.34e-03 2.58e-03 1.65e-03 1.67e-03 2.90e-04 2.90e-04 2.36e-03 7.28e-03
2.51e-02	7.76e-04 7.35e-04 1.22e-03 4.75e-03 5.35e-02 0.00e+00 2.68e-02 2.67e-02 1.89e-02 1.89e-02 3.54e-04 3.54e-04 2.80e-02 2.90e-02
1.52e-02	1.19e-03 1.10e-03 4.21e-04 7.33e-03 6.27e-02 0.00e+00 1.56e-02 1.58e-02 1.10e-02 1.11e-02 2.33e-04 2.33e-04 1.32e-02 4.95e-02
8.34e-03	5.45e-03 5.43e-03 5.92e-04 1.47e-02 3.24e-02 0.00e+00 8.79e-03 8.65e-03 5.83e-03 5.84e-03 2.39e-04 2.39e-04 8.07e-03 2.45e-02
1.08e-02	8.55e-03 8.79e-03 5.98e-04 2.23e-02 3.68e-02 0.00e+00 1.31e-02 9.64e-03 6.50e-03 6.49e-03 2.19e-04 2.19e-04 1.09e-02 2.71e-02
4.05e-03	2.74e-03 2.58e-03 3.88e-04 2.06e-02 7.85e-03 0.00e+00 4.12e-03 4.37e-03 2.80e-03 2.81e-03 2.02e-04 2.02e-04 4.57e-03 1.19e-02
3.02e-03	2.05e-03 2.01e-03 2.89e-04 1.10e-02 7.19e-03 0.00e+00 3.03e-03 3.33e-03 2.11e-03 2.12e-03 1.89e-04 1.89e-04 2.83e-03 8.79e-03
5.14e-03	1.75e-03 1.64e-03 4.08e-04 1.15e-02 1.72e-02 0.00e+00 5.38e-03 5.42e-03 3.78e-03 3.79e-03 1.89e-04 1.89e-04 6.26e-03 8.83e-03
2.49e-03	1.33e-03 1.46e-03 2.22e-04 9.73e-03 9.38e-03 0.00e+00 2.42e-03 2.80e-03 1.67e-03 1.69e-03 1.50e-04 1.50e-04 2.90e-03 5.97e-03
1.91e-03	1.45e-03 1.50e-03 3.03e-04 1.69e-02 5.61e-03 0.00e+00 1.72e-03 2.20e-03 1.16e-03 1.25e-03 1.51e-04 1.51e-04 2.25e-03 6.07e-03
5.99e-03	5.28e-03 5.51e-03 2.73e-04 4.75e-02 1.41e-02 0.00e+00 5.90e-03 6.46e-03 4.17e-03 4.19e-03 1.46e-04 1.46e-04 9.30e-03 9.66e-03
1.55e-03	1.28e-03 1.28e-03 1.75e-04 8.15e-03 3.64e-03 0.00e+00 1.31e-03 1.90e-03 8.36e-04 9.67e-04 1.53e-04 1.53e-04 1.79e-03 5.39e-03
1.92e-03	1.81e-03 1.60e-03 3.91e-04 1.56e-02 4.29e-03 0.00e+00 1.66e-03 2.31e-03 1.14e-03 1.20e-03 1.85e-04 1.85e-04 2.45e-03 4.97e-03
1.70e-03	1.43e-03 1.31e-03 7.98e-04 1.31e-02 5.57e-03 0.00e+00 1.28e-03 2.11e-03 8.73e-04 1.20e-03 2.02e-04 2.01e-04 1.56e-03 7.50e-03
1.66e-03	1.41e-03 1.33e-03 2.88e-04 9.18e-03 5.16e-03 0.00e+00 1.27e-03 1.88e-03 7.37e-04 2.32e-03 1.58e-04 1.58e-04 1.23e-03 4.54e-03
1.56e-03	1.79e-03 1.51e-03 2.40e-03 9.92e-03 2.65e-03 0.00e+00 1.21e-03 1.57e-03 9.79e-04 2.40e-03 7.33e-04 7.33e-04 1.42e-03 6.29e-03
1.28e-03	9.78e-04 8.65e-04 1.09e-03 6.28e-03 2.73e-03 0.00e+00 1.19e-03 1.33e-03 8.21e-04 1.52e-03 1.86e-04 1.83e-04 1.42e-03 4.43e-03
3.92e-03	4.75e-03 4.63e-03 6.65e-04 1.24e-02 1.08e-02 0.00e+00 3.98e-03 4.26e-03 2.79e-03 2.85e-03 1.59e-04 1.59e-04 4.46e-03 7.12e-03
2.15e-03	1.37e-03 1.01e-03 3.21e-04 8.58e-03 7.74e-03 0.00e+00 2.02e-03 2.16e-03 1.36e-03 2.44e-03 1.18e-04 1.18e-04 2.48e-03 8.72e-03
7.79e-03	1.06e-03 1.07e-03 2.44e-04 6.40e-03 2.71e-02 0.00e+00 8.18e-03 8.27e-03 5.75e-03 5.77e-03 1.03e-04 1.03e-04 7.91e-03 1.27e-02
4.44e-03	1.79e-03 1.60e-03 6.36e-04 6.39e-03 1.48e-02 0.00e+00 4.74e-03 4.71e-03 3.01e-03 3.05e-03 1.39e-04 1.39e-04 3.79e-03 1.01e-02
1.60e-03	1.24e-03 1.15e-03 5.75e-04 4.80e-03 3.82e-03 0.00e+00 1.50e-03 1.81e-03 1.04e-03 1.10e-03 1.56e-04 1.56e-04 1.79e-03 6.48e-03
1.38e-03	7.62e-04 7.86e-04 3.62e-04 2.40e-03 4.10e-03 0.00e+00 1.36e-03 1.49e-03 9.32e-04 1.01e-03 1.05e-04 1.05e-04 1.15e-03 5.88e-03
4.48e-03	1.62e-03 1.40e-03 6.23e-04 4.99e-03 7.34e-03 0.00e+00 4.62e-03 4.83e-03 3.25e-03 3.31e-03 2.33e-04 2.33e-04 4.07e-03 1.37e-02
8.64e-03	1.53e-03 1.44e-03 1.23e-03 5.01e-03 6.68e-03 0.00e+00 9.11e-03 9.17e-03 6.40e-03 6.42e-03 3.27e-04 3.27e-04 7.38e-03 2.68e-02
6.45e-03	2.87e-03 3.17e-03 8.10e-04 8.85e-03 8.12e-03 0.00e+00 6.80e-03 6.85e-03 4.76e-03 4.85e-03 3.84e-04 3.83e-04 6.73e-03 1.56e-02
2.46e-03	1.96e-03 2.00e-03 1.88e-03 6.39e-03 5.88e-03 0.00e+00 2.45e-03 2.73e-03 1.71e-03 1.82e-03 3.55e-04 3.55e-04 2.31e-03 6.32e-03
2.94e-03	2.65e-03 8.86e-04 1.54e-03 4.57e-03 6.15e-03 0.00e+00 3.10e-03 3.12e-03 2.17e-03 2.21e-03 3.06e-04 3.06e-04 3.27e-03 4.81e-03
2.25e-03	6.76e-04 7.29e-04 8.17e-04 4.58e-03 5.56e-03 0.00e+00 2.34e-03 2.43e-03 1.63e-03 1.69e-03 1.81e-04 1.80e-04 2.48e-03 3.94e-03
2.41e-03	2.48e-03 2.09e-03 1.15e-03 1.57e-02 1.31e-02 0.00e+00 2.34e-03 2.53e-03 1.63e-03 1.68e-03 1.63e-04 1.61e-04 2.87e-03 7.19e-03
4.00e-03	4.09e-03 4.76e-03 7.64e-04 7.94e-03 8.08e-03 0.00e+00 4.16e-03 4.30e-03 2.93e-03 2.98e-03 3.30e-04 3.30e-04 4.41e-03 4.95e-03
6.14e-03	1.06e-02 8.70e-03 5.18e-04 4.67e-02 1.97e-02 0.00e+00 6.10e-03 6.37e-03 4.31e-03 4.35e-03 1.41e-04 1.41e-04 8.91e-03 1.40e-02
9.57e-04	8.59e-04 8.46e-04 1.39e-03 5.77e-03 3.01e-03 0.00e+00 8.60e-04 1.12e-03 5.63e-04 6.65e-04 1.39e-04 1.39e-04 8.55e-04 3.49e-03
2.04e-03	1.47e-03 2.09e-03 5.61e-04 6.07e-03 7.42e-03 0.00e+00 1.54e-03 1.71e-03 1.07e-03 1.14e-03 8.18e-05 8.18e-05 2.27e-03 2.20e-02
6.64e-04	5.79e-04 6.42e-04 3.48e-04 2.67e-03 1.55e-03 0.00e+00 6.14e-04 7.35e-04 3.89e-04 5.04e-04 6.83e-05 6.82e-05 7.01e-04 3.19e-03
1.09e-03	1.29e-03 1.28e-03 1.44e-04 5.58e-03 3.02e-03 0.00e+00 1.00e-03 1.27e-03 6.44e-04 7.13e-04 5.80e-05 5.78e-05 1.07e-03 3.52e-03
1.63e-03	2.07e-03 1.97e-03 4.24e-04 5.44e-03 2.83e-03 0.00e+00 1.32e-03 2.12e-03 8.93e-04 9.78e-04 1.13e-04 1.13e-04 1.34e-03 3.84e-03
1.26e-03	2.75e-03 2.10e-03 2.53e-04 4.01e-03 2.99e-03 0.00e+00 1.18e-03 1.41e-03 8.13e-04 8.98e-04 5.87e-05 5.85e-05 1.32e-03 4.39e-03
4.30e-03	1.69e-03 1.39e-03 5.07e-04 2.26e-03 1.18e-02 0.00e+00 4.48e-03 4.72e-03 2.97e-03 2.99e-03 1.37e-04 1.37e-04 3.40e-03 9.87e-03
7.37e-04	1.08e-03 8.08e-04 1.14e-04 9.23e-04 2.09e-03 0.00e+00 6.33e-04 8.89e-04 4.07e-04 4.76e-04 5.31e-05 5.31e-05 6.81e-04 3.07e-03
1.52e-03	3.23e-03 2.66e-03 3.89e-05 3.67e-03 1.49e-03 0.00e+00 1.34e-03 1.86e-03 9.28e-04 9.92e-04 3.60e-05 3.60e-05 1.39e-03 2.81e-03
1.86e-03	2.35e-03 2.06e-03 9.85e-05 6.58e-03 3.19e-03 0.00e+00 1.54e-03 1.90e-03 1.07e-03 1.09e-03 9.12e-05 9.12e-05 1.49e-03 1.56e-02
9.80e-04	6.31e-04 7.02e-04 4.41e-05 3.90e-03 2.52e-03 0.00e+00 9.11e-04 1.15e-03 6.24e-04 6.52e-04 4.02e-05 4.02e-05 9.64e-04 3.01e-03
3.18e-03	2.38e-03 2.19e-03 4.07e-05 3.11e-03 8.55e-03 0.00e+00 2.97e-03 3.79e-03 2.07e-03 2.08e-03 3.77e-05 3.77e-05 2.79e-03 7.81e-03
3.06e-03	7.72e-04 7.26e-04 1.50e-05 1.41e-03 1.43e-02 0.00e+00 3.08e-03 3.19e-03 2.16e-03 2.16e-03 1.39e-05 1.39e-05 3.05e-03 1.18e-02
1.12e-03	6.41e-04 6.10e-04 1.39e-05 1.43e-03 4.64e-03 0.00e+00 1.10e-03 1.23e-03 7.33e-04 7.34e-04 1.29e-05 1.29e-05 1.21e-03 3.93e-03
2.37e-03	1.07e-03 1.05e-03 4.40e-05 1.60e-03 2.05e-02 0.00e+00 2.13e-03 2.24e-03 1.50e-03 1.50e-03 4.07e-05 4.07e-05 3.02e-03 1.36e-02
5.05e-03	1.82e-02 9.53e-03 3.49e-05 1.08e-02 7.05e-03 0.00e+00 5.18e-03 5.31e-03 3.64e-03 3.66e-03 3.23e-05 3.23e-05 4.99e-03 7.13e-03
3.28e-03	1.86e-03 3.63e-03 5.93e-05 8.00e-03 6.20e-03 0.00e+00 3.34e-03 3.63e-03 2.34e-03 2.35e-03 5.49e-05 5.49e-05 3.42e-03 6.42e-03
1.40e-03	1.90e-03 4.79e-03 6.43e-05 3.67e-03 3.18e-03 0.00e+00 1.31e-03 1.55e-03 8.97e-04 9.12e-04 5.80e-05 5.80e-05 1.30e-03 4.01e-03
2.43e-03	8.93e-03 5.13e-03 9.59e-05 4.61e-03 2.15e-03 0.00e+00 2.50e-03 2.53e-03 1.76e-03 1.75e-03 2.98e-05 2.97e-05 2.55e-03 3.93e-03
5.29e-03	7.86e-03 4.65e-03 8.79e-05 4.25e-03 4.33e-03 0.00e+00 5.64e-03 5.58e-03 3.95e-03 3.95e-03 3.99e-05 3.99e-05 6.10e-03 6.16e-03
6.07e-04	3.60e-04 3.56e-04 2.36e-04 3.25e-03 9.72e-04 0.00e+00 5.95e-04 6.77e-04 4.01e-04 4.12e-04 3.85e-05 3.43e-05 6.54e-04 2.03e-03
4.96e-04	3.16e-04 2.96e-04 2.34e-04 1.77e-03 8.91e-04 0.00e+00 4.68e-04 5.68e-04 3.09e-04 3.23e-04 3.87e-05 3.44e-05 4.71e-04 2.00e-03
